d:\documents\learnproject\cpplearn\指针\debug\vc142.pdb
d:\documents\learnproject\cpplearn\指针\debug\vc142.idb
d:\documents\learnproject\cpplearn\指针\debug\指针的定义和使用.obj
d:\documents\learnproject\cpplearn\指针\debug\指针所占用的内存大小.obj
d:\documents\learnproject\cpplearn\指针\debug\指针.pdb
d:\documents\learnproject\cpplearn\指针\debug\指针.tlog\cl.command.1.tlog
d:\documents\learnproject\cpplearn\指针\debug\指针.tlog\cl.read.1.tlog
d:\documents\learnproject\cpplearn\指针\debug\指针.tlog\cl.write.1.tlog
d:\documents\learnproject\cpplearn\指针\debug\指针.tlog\link-cvtres.read.1.tlog
d:\documents\learnproject\cpplearn\指针\debug\指针.tlog\link-cvtres.write.1.tlog
d:\documents\learnproject\cpplearn\指针\debug\指针.tlog\link-rc.read.1.tlog
d:\documents\learnproject\cpplearn\指针\debug\指针.tlog\link-rc.write.1.tlog
d:\documents\learnproject\cpplearn\指针\debug\指针.tlog\link.34016-cvtres.read.1.tlog
d:\documents\learnproject\cpplearn\指针\debug\指针.tlog\link.34016-cvtres.write.1.tlog
d:\documents\learnproject\cpplearn\指针\debug\指针.tlog\link.34016-rc.read.1.tlog
d:\documents\learnproject\cpplearn\指针\debug\指针.tlog\link.34016-rc.write.1.tlog
d:\documents\learnproject\cpplearn\指针\debug\指针.tlog\link.34016.read.1.tlog
d:\documents\learnproject\cpplearn\指针\debug\指针.tlog\link.34016.write.1.tlog
d:\documents\learnproject\cpplearn\指针\debug\指针.tlog\link.command.1.tlog
d:\documents\learnproject\cpplearn\指针\debug\指针.tlog\link.read.1.tlog
d:\documents\learnproject\cpplearn\指针\debug\指针.tlog\link.write.1.tlog
